#
# A fatal error has been detected by the Java Runtime Environment:
#
#  EXCEPTION_ACCESS_VIOLATION (0xc0000005) at pc=0x000000007743e5ff, pid=3108, tid=7632
#
# JRE version: Java(TM) SE Runtime Environment (7.0_45-b18) (build 1.7.0_45-b18)
# Java VM: Java HotSpot(TM) 64-Bit Server VM (24.45-b08 mixed mode windows-amd64 compressed oops)
# Problematic frame:
# C  [ntdll.dll+0x4e5ff]
#
# Failed to write core dump. Minidumps are not enabled by default on client versions of Windows
#
# If you would like to submit a bug report, please visit:
#   http://bugreport.sun.com/bugreport/crash.jsp
# The crash happened outside the Java Virtual Machine in native code.
# See problematic frame for where to report the bug.
#

---------------  T H R E A D  ---------------

Current thread (0x000000000cf75800):  JavaThread "FileSystemWatcher: files=#419 cl=java.net.URLClassLoader@37760a70" daemon [_thread_in_native, id=7632, stack(0x000000000eef0000,0x000000000eff0000)]

siginfo: ExceptionCode=0xc0000005, writing address 0x0000000000000066

Registers:
RAX=0x000000000000005c, RBX=0x000000000b0bdae0, RCX=0x000000000b0bdb6e, RDX=0x00000000000000cc
RSP=0x000000000efeeb30, RBP=0x000000000000fffe, RSI=0x0000000000000000, RDI=0x000000000b0bdae0
R8 =0x0000000000000066, R9 =0x00000000000000cc, R10=0x000000000b0b0000, R11=0x000000000000ffff
R12=0x00000000000000cc, R13=0x0000000000000208, R14=0x000000000efeed08, R15=0x0000000000000066
RIP=0x000000007743e5ff, EFLAGS=0x0000000000010246

Top of Stack: (sp=0x000000000efeeb30)
0x000000000efeeb30:   0000000000000000 0000000000429774
0x000000000efeeb40:   000000000044f300 0000000000000000
0x000000000efeeb50:   0000000000ce00cc 000000000b0bdae0
0x000000000efeeb60:   000000000efeecf8 0000000077445f48
0x000000000efeeb70:   000000000efeecf1 000000000049cb60
0x000000000efeeb80:   0000000000000230 0000000000420000
0x000000000efeeb90:   0000000000000003 0000000000000201
0x000000000efeeba0:   00000000004204a8 0000000077443448
0x000000000efeebb0:   0000000000000006 00000000000000cc
0x000000000efeebc0:   0055370e00250006 0000000000000000
0x000000000efeebd0:   0000000000000000 0000000000000000
0x000000000efeebe0:   0000000000000000 000000000efeee10
0x000000000efeebf0:   000000000efeed30 000000000b0bdae0
0x000000000efeec00:   00000000020800e0 000000000efeed30
0x000000000efeec10:   0000000000000000 0000000000000000
0x000000000efeec20:   0000000000000000 0000000000ce00cc 

Instructions: (pc=0x000000007743e5ff)
0x000000007743e5df:   e2 fc 8b c2 48 01 41 18 8b 41 10 4c 89 44 c1 20
0x000000007743e5ef:   ff 41 10 8b c2 c3 44 8a 74 24 40 e9 10 5e 00 00
0x000000007743e5ff:   41 0f b7 c1 48 83 c1 02 48 d1 e8 48 8d 04 43 48
0x000000007743e60f:   3b c8 73 39 0f b7 01 66 83 c8 20 66 83 f8 70 0f 


Register to memory mapping:

RAX=0x000000000000005c is an unknown value
RBX=0x000000000b0bdae0 is an unknown value
RCX=0x000000000b0bdb6e is an unknown value
RDX=0x00000000000000cc is an unknown value
RSP=0x000000000efeeb30 is pointing into the stack for thread: 0x000000000cf75800
RBP=0x000000000000fffe is an unknown value
RSI=0x0000000000000000 is an unknown value
RDI=0x000000000b0bdae0 is an unknown value
R8 =0x0000000000000066 is an unknown value
R9 =0x00000000000000cc is an unknown value
R10=0x000000000b0b0000 is an unknown value
R11=0x000000000000ffff is an unknown value
R12=0x00000000000000cc is an unknown value
R13=0x0000000000000208 is an unknown value
R14=0x000000000efeed08 is pointing into the stack for thread: 0x000000000cf75800
R15=0x0000000000000066 is an unknown value


Stack: [0x000000000eef0000,0x000000000eff0000],  sp=0x000000000efeeb30,  free space=1018k
Native frames: (J=compiled Java code, j=interpreted, Vv=VM code, C=native code)
C  [ntdll.dll+0x4e5ff]

Java frames: (J=compiled Java code, j=interpreted, Vv=VM code)
J  java.io.WinNTFileSystem.getLastModifiedTime(Ljava/io/File;)J
J  org.springsource.loaded.agent.Watcher.run()V
j  java.lang.Thread.run()V+11
v  ~StubRoutines::call_stub

---------------  P R O C E S S  ---------------

Java Threads: ( => current thread )
  0x000000000d547800 JavaThread "FileSystemWatcher: files=#5 cl=groovy.lang.GroovyClassLoader@4b599973" daemon [_thread_blocked, id=4044, stack(0x0000000011720000,0x0000000011820000)]
  0x000000000d161000 JavaThread "FileSystemWatcher: files=#5 cl=groovy.lang.GroovyClassLoader@7f727cbd" daemon [_thread_blocked, id=7152, stack(0x000000000f270000,0x000000000f370000)]
  0x000000000d160000 JavaThread "MySQL Statement Cancellation Timer" daemon [_thread_blocked, id=5396, stack(0x000000000f120000,0x000000000f220000)]
  0x000000000d167000 JavaThread "Thread-10" daemon [_thread_blocked, id=7892, stack(0x0000000011e30000,0x0000000011f30000)]
  0x000000000d166000 JavaThread "Thread-11" daemon [_thread_in_native, id=5544, stack(0x0000000011cb0000,0x0000000011db0000)]
  0x000000000d165800 JavaThread "http-bio-8082-AsyncTimeout" daemon [_thread_blocked, id=1268, stack(0x0000000011b90000,0x0000000011c90000)]
  0x000000000d164800 JavaThread "http-bio-8082-Acceptor-0" daemon [_thread_in_native, id=6984, stack(0x0000000011840000,0x0000000011940000)]
  0x000000000d164000 JavaThread "ContainerBackgroundProcessor[StandardEngine[Tomcat]]" daemon [_thread_blocked, id=6852, stack(0x0000000011940000,0x0000000011a40000)]
  0x000000000d163000 JavaThread "net.sf.ehcache.CacheManager@2fdc0549" daemon [_thread_blocked, id=7252, stack(0x000000000cd90000,0x000000000ce90000)]
  0x000000000d161800 JavaThread "Abandoned connection cleanup thread" daemon [_thread_blocked, id=5884, stack(0x0000000011540000,0x0000000011640000)]
  0x000000000d162800 JavaThread "PoolCleaner[598445887:1479783556736]" daemon [_thread_blocked, id=6836, stack(0x0000000011420000,0x0000000011520000)]
=>0x000000000cf75800 JavaThread "FileSystemWatcher: files=#419 cl=java.net.URLClassLoader@37760a70" daemon [_thread_in_native, id=7632, stack(0x000000000eef0000,0x000000000eff0000)]
  0x000000000ec80000 JavaThread "FileSystemWatcher: files=#2 cl=org.codehaus.groovy.grails.cli.support.GrailsRootLoader@23ab8f3f" daemon [_thread_blocked, id=2064, stack(0x000000000aa90000,0x000000000ab90000)]
  0x000000000f6d7000 JavaThread "Synchronizer (Spring UAA/1.0.1)" daemon [_thread_blocked, id=6028, stack(0x000000000cba0000,0x000000000cca0000)]
  0x000000000a381000 JavaThread "NonBlockingInputStreamThread" daemon [_thread_blocked, id=7224, stack(0x000000000ba10000,0x000000000bb10000)]
  0x000000000a34a000 JavaThread "Service Thread" daemon [_thread_blocked, id=7300, stack(0x000000000ab90000,0x000000000ac90000)]
  0x000000000a30a000 JavaThread "C2 CompilerThread1" daemon [_thread_blocked, id=7376, stack(0x000000000a960000,0x000000000aa60000)]
  0x000000000a34f800 JavaThread "C2 CompilerThread0" daemon [_thread_blocked, id=4880, stack(0x000000000a7f0000,0x000000000a8f0000)]
  0x00000000083e7000 JavaThread "JDWP Command Reader" daemon [_thread_in_native, id=8168, stack(0x000000000a200000,0x000000000a300000)]
  0x00000000083e6000 JavaThread "JDWP Event Helper Thread" daemon [_thread_blocked, id=3660, stack(0x000000000a0c0000,0x000000000a1c0000)]
  0x00000000083d8000 JavaThread "JDWP Transport Listener: dt_socket" daemon [_thread_blocked, id=7904, stack(0x0000000009fc0000,0x000000000a0c0000)]
  0x00000000083d4000 JavaThread "Attach Listener" daemon [_thread_blocked, id=6524, stack(0x0000000009740000,0x0000000009840000)]
  0x00000000083cd000 JavaThread "Signal Dispatcher" daemon [_thread_blocked, id=1600, stack(0x0000000009900000,0x0000000009a00000)]
  0x0000000008378800 JavaThread "Finalizer" daemon [_thread_blocked, id=7932, stack(0x00000000094e0000,0x00000000095e0000)]
  0x000000000836f800 JavaThread "Reference Handler" daemon [_thread_blocked, id=2776, stack(0x0000000009610000,0x0000000009710000)]
  0x00000000020a9000 JavaThread "main" [_thread_blocked, id=5944, stack(0x00000000022d0000,0x00000000023d0000)]

Other Threads:
  0x000000000836e000 VMThread [stack: 0x00000000093b0000,0x00000000094b0000] [id=6788]
  0x000000000a34b800 WatcherThread [stack: 0x000000000acd0000,0x000000000add0000] [id=1612]

VM state:not at safepoint (normal execution)

VM Mutex/Monitor currently owned by a thread: None

Heap
 PSYoungGen      total 244224K, used 56814K [0x00000000f0000000, 0x0000000100000000, 0x0000000100000000)
  eden space 226304K, 21% used [0x00000000f0000000,0x00000000f2eccd18,0x00000000fdd00000)
  from space 17920K, 49% used [0x00000000fdd00000,0x00000000fe5aeea8,0x00000000fee80000)
  to   space 17408K, 0% used [0x00000000fef00000,0x00000000fef00000,0x0000000100000000)
 ParOldGen       total 524288K, used 204197K [0x00000000d0000000, 0x00000000f0000000, 0x00000000f0000000)
  object space 524288K, 38% used [0x00000000d0000000,0x00000000dc7696a8,0x00000000f0000000)
 PSPermGen       total 262144K, used 103437K [0x00000000c0000000, 0x00000000d0000000, 0x00000000d0000000)
  object space 262144K, 39% used [0x00000000c0000000,0x00000000c6503548,0x00000000d0000000)

Card table byte_map: [0x00000000055d0000,0x00000000057e0000] byte_map_base: 0x0000000004fd0000

Polling page: 0x0000000000340000

Code Cache  [0x00000000025d0000, 0x0000000002f30000, 0x00000000055d0000)
 total_blobs=2819 nmethods=2108 adapters=669 free_code_cache=39715Kb largest_free_block=40508224

Compilation events (10 events):
Event: 586.122 Thread 0x000000000a34f800 2444             java.io.FilterInputStream::<init> (10 bytes)
Event: 586.123 Thread 0x000000000a34f800 nmethod 2444 0x000000000289b7d0 code [0x000000000289b900, 0x000000000289b998]
Event: 586.288 Thread 0x000000000a30a000 2445 %           org.springsource.loaded.TypeRegistry::isReloadableTypeName @ 70 (634 bytes)
Event: 586.303 Thread 0x000000000a30a000 nmethod 2445% 0x00000000028a9b90 code [0x00000000028a9d60, 0x00000000028aa668]
Event: 586.333 Thread 0x000000000a34f800 2446             org.springsource.loaded.Utils::toClass (124 bytes)
Event: 586.351 Thread 0x000000000a34f800 nmethod 2446 0x0000000002c830d0 code [0x0000000002c832e0, 0x0000000002c83c50]
Event: 586.358 Thread 0x000000000a30a000 2447 %           java.util.regex.Pattern::sequence @ 7 (553 bytes)
Event: 586.400 Thread 0x000000000a30a000 nmethod 2447% 0x0000000002f03dd0 code [0x0000000002f04060, 0x0000000002f05258]
Event: 586.404 Thread 0x000000000a34f800 2448             java.util.regex.Pattern::sequence (553 bytes)
Event: 586.436 Thread 0x000000000a34f800 nmethod 2448 0x0000000002f01b90 code [0x0000000002f01e20, 0x0000000002f02eb8]

GC Heap History (10 events):
Event: 40.107 GC heap before
{Heap before GC invocations=37 (full 0):
 PSYoungGen      total 244224K, used 229460K [0x00000000f0000000, 0x0000000100000000, 0x0000000100000000)
  eden space 225280K, 98% used [0x00000000f0000000,0x00000000fd939cc0,0x00000000fdc00000)
  from space 18944K, 37% used [0x00000000fed80000,0x00000000ff45b540,0x0000000100000000)
  to   space 17920K, 0% used [0x00000000fdc00000,0x00000000fdc00000,0x00000000fed80000)
 ParOldGen       total 524288K, used 168334K [0x00000000d0000000, 0x00000000f0000000, 0x00000000f0000000)
  object space 524288K, 32% used [0x00000000d0000000,0x00000000da463998,0x00000000f0000000)
 PSPermGen       total 262144K, used 97044K [0x00000000c0000000, 0x00000000d0000000, 0x00000000d0000000)
  object space 262144K, 37% used [0x00000000c0000000,0x00000000c5ec5158,0x00000000d0000000)
Event: 40.149 GC heap after
Heap after GC invocations=37 (full 0):
 PSYoungGen      total 243200K, used 7056K [0x00000000f0000000, 0x0000000100000000, 0x0000000100000000)
  eden space 225280K, 0% used [0x00000000f0000000,0x00000000f0000000,0x00000000fdc00000)
  from space 17920K, 39% used [0x00000000fdc00000,0x00000000fe2e42d8,0x00000000fed80000)
  to   space 16896K, 0% used [0x00000000fef80000,0x00000000fef80000,0x0000000100000000)
 ParOldGen       total 524288K, used 175045K [0x00000000d0000000, 0x00000000f0000000, 0x00000000f0000000)
  object space 524288K, 33% used [0x00000000d0000000,0x00000000daaf1498,0x00000000f0000000)
 PSPermGen       total 262144K, used 97044K [0x00000000c0000000, 0x00000000d0000000, 0x00000000d0000000)
  object space 262144K, 37% used [0x00000000c0000000,0x00000000c5ec5158,0x00000000d0000000)
}
Event: 43.599 GC heap before
{Heap before GC invocations=38 (full 0):
 PSYoungGen      total 243200K, used 223913K [0x00000000f0000000, 0x0000000100000000, 0x0000000100000000)
  eden space 225280K, 96% used [0x00000000f0000000,0x00000000fd3c6180,0x00000000fdc00000)
  from space 17920K, 39% used [0x00000000fdc00000,0x00000000fe2e42d8,0x00000000fed80000)
  to   space 16896K, 0% used [0x00000000fef80000,0x00000000fef80000,0x0000000100000000)
 ParOldGen       total 524288K, used 175045K [0x00000000d0000000, 0x00000000f0000000, 0x00000000f0000000)
  object space 524288K, 33% used [0x00000000d0000000,0x00000000daaf1498,0x00000000f0000000)
 PSPermGen       total 262144K, used 98486K [0x00000000c0000000, 0x00000000d0000000, 0x00000000d0000000)
  object space 262144K, 37% used [0x00000000c0000000,0x00000000c602da98,0x00000000d0000000)
Event: 43.630 GC heap after
Heap after GC invocations=38 (full 0):
 PSYoungGen      total 245248K, used 9503K [0x00000000f0000000, 0x0000000100000000, 0x0000000100000000)
  eden space 228352K, 0% used [0x00000000f0000000,0x00000000f0000000,0x00000000fdf00000)
  from space 16896K, 56% used [0x00000000fef80000,0x00000000ff8c7df0,0x0000000100000000)
  to   space 16896K, 0% used [0x00000000fdf00000,0x00000000fdf00000,0x00000000fef80000)
 ParOldGen       total 524288K, used 180202K [0x00000000d0000000, 0x00000000f0000000, 0x00000000f0000000)
  object space 524288K, 34% used [0x00000000d0000000,0x00000000daffa840,0x00000000f0000000)
 PSPermGen       total 262144K, used 98486K [0x00000000c0000000, 0x00000000d0000000, 0x00000000d0000000)
  object space 262144K, 37% used [0x00000000c0000000,0x00000000c602da98,0x00000000d0000000)
}
Event: 44.820 GC heap before
{Heap before GC invocations=39 (full 0):
 PSYoungGen      total 245248K, used 230762K [0x00000000f0000000, 0x0000000100000000, 0x0000000100000000)
  eden space 228352K, 96% used [0x00000000f0000000,0x00000000fd812ad0,0x00000000fdf00000)
  from space 16896K, 56% used [0x00000000fef80000,0x00000000ff8c7df0,0x0000000100000000)
  to   space 16896K, 0% used [0x00000000fdf00000,0x00000000fdf00000,0x00000000fef80000)
 ParOldGen       total 524288K, used 180202K [0x00000000d0000000, 0x00000000f0000000, 0x00000000f0000000)
  object space 524288K, 34% used [0x00000000d0000000,0x00000000daffa840,0x00000000f0000000)
 PSPermGen       total 262144K, used 100470K [0x00000000c0000000, 0x00000000d0000000, 0x00000000d0000000)
  object space 262144K, 38% used [0x00000000c0000000,0x00000000c621da58,0x00000000d0000000)
Event: 44.850 GC heap after
Heap after GC invocations=39 (full 0):
 PSYoungGen      total 245248K, used 7190K [0x00000000f0000000, 0x0000000100000000, 0x0000000100000000)
  eden space 228352K, 0% used [0x00000000f0000000,0x00000000f0000000,0x00000000fdf00000)
  from space 16896K, 42% used [0x00000000fdf00000,0x00000000fe605940,0x00000000fef80000)
  to   space 15872K, 0% used [0x00000000ff080000,0x00000000ff080000,0x0000000100000000)
 ParOldGen       total 524288K, used 188505K [0x00000000d0000000, 0x00000000f0000000, 0x00000000f0000000)
  object space 524288K, 35% used [0x00000000d0000000,0x00000000db816778,0x00000000f0000000)
 PSPermGen       total 262144K, used 100470K [0x00000000c0000000, 0x00000000d0000000, 0x00000000d0000000)
  object space 262144K, 38% used [0x00000000c0000000,0x00000000c621da58,0x00000000d0000000)
}
Event: 205.493 GC heap before
{Heap before GC invocations=40 (full 0):
 PSYoungGen      total 245248K, used 235542K [0x00000000f0000000, 0x0000000100000000, 0x0000000100000000)
  eden space 228352K, 100% used [0x00000000f0000000,0x00000000fdf00000,0x00000000fdf00000)
  from space 16896K, 42% used [0x00000000fdf00000,0x00000000fe605940,0x00000000fef80000)
  to   space 15872K, 0% used [0x00000000ff080000,0x00000000ff080000,0x0000000100000000)
 ParOldGen       total 524288K, used 188505K [0x00000000d0000000, 0x00000000f0000000, 0x00000000f0000000)
  object space 524288K, 35% used [0x00000000d0000000,0x00000000db816778,0x00000000f0000000)
 PSPermGen       total 262144K, used 102315K [0x00000000c0000000, 0x00000000d0000000, 0x00000000d0000000)
  object space 262144K, 39% used [0x00000000c0000000,0x00000000c63eacb0,0x00000000d0000000)
Event: 205.538 GC heap after
Heap after GC invocations=40 (full 0):
 PSYoungGen      total 242176K, used 13953K [0x00000000f0000000, 0x0000000100000000, 0x0000000100000000)
  eden space 226304K, 0% used [0x00000000f0000000,0x00000000f0000000,0x00000000fdd00000)
  from space 15872K, 87% used [0x00000000ff080000,0x00000000ffe20760,0x0000000100000000)
  to   space 17920K, 0% used [0x00000000fdd00000,0x00000000fdd00000,0x00000000fee80000)
 ParOldGen       total 524288K, used 194312K [0x00000000d0000000, 0x00000000f0000000, 0x00000000f0000000)
  object space 524288K, 37% used [0x00000000d0000000,0x00000000dbdc21d8,0x00000000f0000000)
 PSPermGen       total 262144K, used 102315K [0x00000000c0000000, 0x00000000d0000000, 0x00000000d0000000)
  object space 262144K, 39% used [0x00000000c0000000,0x00000000c63eacb0,0x00000000d0000000)
}
Event: 585.729 GC heap before
{Heap before GC invocations=41 (full 0):
 PSYoungGen      total 242176K, used 240257K [0x00000000f0000000, 0x0000000100000000, 0x0000000100000000)
  eden space 226304K, 100% used [0x00000000f0000000,0x00000000fdd00000,0x00000000fdd00000)
  from space 15872K, 87% used [0x00000000ff080000,0x00000000ffe20760,0x0000000100000000)
  to   space 17920K, 0% used [0x00000000fdd00000,0x00000000fdd00000,0x00000000fee80000)
 ParOldGen       total 524288K, used 194312K [0x00000000d0000000, 0x00000000f0000000, 0x00000000f0000000)
  object space 524288K, 37% used [0x00000000d0000000,0x00000000dbdc21d8,0x00000000f0000000)
 PSPermGen       total 262144K, used 103316K [0x00000000c0000000, 0x00000000d0000000, 0x00000000d0000000)
  object space 262144K, 39% used [0x00000000c0000000,0x00000000c64e5048,0x00000000d0000000)
Event: 585.792 GC heap after
Heap after GC invocations=41 (full 0):
 PSYoungGen      total 244224K, used 8891K [0x00000000f0000000, 0x0000000100000000, 0x0000000100000000)
  eden space 226304K, 0% used [0x00000000f0000000,0x00000000f0000000,0x00000000fdd00000)
  from space 17920K, 49% used [0x00000000fdd00000,0x00000000fe5aeea8,0x00000000fee80000)
  to   space 17408K, 0% used [0x00000000fef00000,0x00000000fef00000,0x0000000100000000)
 ParOldGen       total 524288K, used 204197K [0x00000000d0000000, 0x00000000f0000000, 0x00000000f0000000)
  object space 524288K, 38% used [0x00000000d0000000,0x00000000dc7696a8,0x00000000f0000000)
 PSPermGen       total 262144K, used 103316K [0x00000000c0000000, 0x00000000d0000000, 0x00000000d0000000)
  object space 262144K, 39% used [0x00000000c0000000,0x00000000c64e5048,0x00000000d0000000)
}

Deoptimization events (10 events):
Event: 330.237 Thread 0x000000000d167000 Uncommon trap: reason=class_check action=maybe_recompile pc=0x0000000002e29e64 method=sl.org.objectweb.asm.MethodVisitor.visitAnnotation(Ljava/lang/String;Z)Lsl/org/objectweb/asm/AnnotationVisitor; @ 13
Event: 330.238 Thread 0x000000000d167000 Uncommon trap: reason=class_check action=maybe_recompile pc=0x0000000002e29e64 method=sl.org.objectweb.asm.MethodVisitor.visitAnnotation(Ljava/lang/String;Z)Lsl/org/objectweb/asm/AnnotationVisitor; @ 13
Event: 330.251 Thread 0x000000000d167000 Uncommon trap: reason=class_check action=maybe_recompile pc=0x0000000002d538d8 method=org.springsource.loaded.MethodInvokerRewriter$RewriteClassAdaptor$RewritingMethodAdapter.rewriteINVOKESPECIAL(ILjava/lang/String;Ljava/lang/String;Ljava/lang/String;ZLorg
Event: 330.252 Thread 0x000000000d167000 Uncommon trap: reason=class_check action=maybe_recompile pc=0x0000000002d538d8 method=org.springsource.loaded.MethodInvokerRewriter$RewriteClassAdaptor$RewritingMethodAdapter.rewriteINVOKESPECIAL(ILjava/lang/String;Ljava/lang/String;Ljava/lang/String;ZLorgÆÀ–×ì©t@
Event: 330.620 Thread 0x000000000cf75800 Uncommon trap: reason=class_check action=maybe_recompile pc=0x0000000002d538d8 method=org.springsource.loaded.MethodInvokerRewriter$RewriteClassAdaptor$RewritingMethodAdapter.rewriteINVOKESPECIAL(ILjava/lang/String;Ljava/lang/String;Ljava/lang/String;ZLorgë˜pOí©t@
Event: 330.620 Thread 0x000000000cf75800 Uncommon trap: reason=bimorphic action=maybe_recompile pc=0x0000000002854f0c method=org.springsource.loaded.Utils.collapseStackToArray(Lsl/org/objectweb/asm/MethodVisitor;Ljava/lang/String;)I @ 21
Event: 585.855 Thread 0x000000000d167000 Uncommon trap: reason=bimorphic action=maybe_recompile pc=0x0000000002b2b70c method=org.springsource.loaded.ri.GetMethodsLookup.collectAll(Lorg/springsource/loaded/ri/MethodProvider;Ljava/util/Map;)V @ 91
Event: 586.334 Thread 0x000000000cf75800 Uncommon trap: reason=array_check action=maybe_recompile pc=0x0000000002e79ec0 method=java.util.TimSort.mergeLo(IIII)V @ 77
Event: 586.334 Thread 0x000000000cf75800 Uncommon trap: reason=array_check action=maybe_recompile pc=0x0000000002e79ec0 method=java.util.TimSort.mergeLo(IIII)V @ 77
Event: 586.340 Thread 0x000000000cf75800 Uncommon trap: reason=bimorphic action=maybe_recompile pc=0x0000000002b2b70c method=org.springsource.loaded.ri.GetMethodsLookup.collectAll(Lorg/springsource/loaded/ri/MethodProvider;Ljava/util/Map;)V @ 91

Internal exceptions (10 events):
Event: 586.338 Thread 0x000000000cf75800 Threw 0x00000000f26bc788 at C:\re\jdk7u45\229\hotspot\src\share\vm\classfile\systemDictionary.cpp:185
Event: 586.338 Thread 0x000000000cf75800 Threw 0x00000000f26d1758 at C:\re\jdk7u45\229\hotspot\src\share\vm\prims\jvm.cpp:1244
Event: 586.338 Thread 0x000000000cf75800 Threw 0x00000000f26d1e10 at C:\re\jdk7u45\229\hotspot\src\share\vm\prims\jvm.cpp:1244
Event: 586.338 Thread 0x000000000cf75800 Threw 0x00000000f26d2ae8 at C:\re\jdk7u45\229\hotspot\src\share\vm\prims\jvm.cpp:1244
Event: 586.339 Thread 0x000000000cf75800 Threw 0x00000000f26d70a8 at C:\re\jdk7u45\229\hotspot\src\share\vm\prims\jvm.cpp:1244
Event: 586.339 Thread 0x000000000cf75800 Threw 0x00000000f26ebe58 at C:\re\jdk7u45\229\hotspot\src\share\vm\prims\jvm.cpp:1244
Event: 586.339 Thread 0x000000000cf75800 Threw 0x00000000f26ec510 at C:\re\jdk7u45\229\hotspot\src\share\vm\prims\jvm.cpp:1244
Event: 586.339 Thread 0x000000000cf75800 Threw 0x00000000f26ed1e8 at C:\re\jdk7u45\229\hotspot\src\share\vm\prims\jvm.cpp:1244
Event: 586.340 Thread 0x000000000cf75800 Threw 0x00000000f26f1870 at C:\re\jdk7u45\229\hotspot\src\share\vm\prims\jvm.cpp:1244
Event: 586.340 Thread 0x000000000cf75800 Threw 0x00000000f26f1a38 at C:\re\jdk7u45\229\hotspot\src\share\vm\classfile\systemDictionary.cpp:185

Events (10 events):
Event: 792.644 Thread 0x00000000020a9000 DEOPT PACKING pc=0x000000000299d6e0 sp=0x00000000023c0870
Event: 792.644 Thread 0x00000000020a9000 DEOPT UNPACKING pc=0x00000000026092b9 sp=0x00000000023c0528 mode 1
Event: 792.645 Thread 0x00000000020a9000 DEOPT PACKING pc=0x0000000002ea36b8 sp=0x00000000023c08c0
Event: 792.645 Thread 0x00000000020a9000 DEOPT UNPACKING pc=0x00000000026092b9 sp=0x00000000023c05f8 mode 1
Event: 792.645 Thread 0x00000000020a9000 DEOPT PACKING pc=0x0000000002cea5f8 sp=0x00000000023c0950
Event: 792.645 Thread 0x00000000020a9000 DEOPT UNPACKING pc=0x00000000026092b9 sp=0x00000000023c0668 mode 1
Event: 792.645 Thread 0x00000000020a9000 DEOPT PACKING pc=0x0000000002eb6b50 sp=0x00000000023c09a0
Event: 792.645 Thread 0x00000000020a9000 DEOPT UNPACKING pc=0x00000000026092b9 sp=0x00000000023c06c8 mode 1
Event: 792.645 Thread 0x00000000020a9000 DEOPT PACKING pc=0x0000000002d35d34 sp=0x00000000023c0af0
Event: 792.645 Thread 0x00000000020a9000 DEOPT UNPACKING pc=0x00000000026092b9 sp=0x00000000023c0870 mode 1


Dynamic libraries:
0x000000013f560000 - 0x000000013f593000 	C:\Program Files\Java\jdk1.7.0_45\bin\java.exe
0x00000000773f0000 - 0x0000000077599000 	C:\Windows\SYSTEM32\ntdll.dll
0x00000000772d0000 - 0x00000000773ef000 	C:\Windows\system32\kernel32.dll
0x000007fefd6a0000 - 0x000007fefd70b000 	C:\Windows\system32\KERNELBASE.dll
0x000007feff1a0000 - 0x000007feff27b000 	C:\Windows\system32\ADVAPI32.dll
0x000007feff280000 - 0x000007feff31f000 	C:\Windows\system32\msvcrt.dll
0x000007fefe160000 - 0x000007fefe17f000 	C:\Windows\SYSTEM32\sechost.dll
0x000007feff320000 - 0x000007feff44d000 	C:\Windows\system32\RPCRT4.dll
0x00000000771d0000 - 0x00000000772ca000 	C:\Windows\system32\USER32.dll
0x000007feff460000 - 0x000007feff4c7000 	C:\Windows\system32\GDI32.dll
0x000007feff450000 - 0x000007feff45e000 	C:\Windows\system32\LPK.dll
0x000007fefd740000 - 0x000007fefd809000 	C:\Windows\system32\USP10.dll
0x000007fefbe00000 - 0x000007fefbff4000 	C:\Windows\WinSxS\amd64_microsoft.windows.common-controls_6595b64144ccf1df_6.0.7601.17514_none_fa396087175ac9ac\COMCTL32.dll
0x000007feff4d0000 - 0x000007feff541000 	C:\Windows\system32\SHLWAPI.dll
0x000007fefd710000 - 0x000007fefd73e000 	C:\Windows\system32\IMM32.DLL
0x000007fefdff0000 - 0x000007fefe0f9000 	C:\Windows\system32\MSCTF.dll
0x0000000056080000 - 0x0000000056152000 	C:\Program Files\Java\jdk1.7.0_45\jre\bin\msvcr100.dll
0x0000000050580000 - 0x0000000050d49000 	C:\Program Files\Java\jdk1.7.0_45\jre\bin\server\jvm.dll
0x000007fef5740000 - 0x000007fef5749000 	C:\Windows\system32\WSOCK32.dll
0x000007fefdcf0000 - 0x000007fefdd3d000 	C:\Windows\system32\WS2_32.dll
0x000007feff6f0000 - 0x000007feff6f8000 	C:\Windows\system32\NSI.dll
0x000007fefb330000 - 0x000007fefb36b000 	C:\Windows\system32\WINMM.dll
0x00000000775c0000 - 0x00000000775c7000 	C:\Windows\system32\PSAPI.DLL
0x0000000060ed0000 - 0x0000000060edf000 	C:\Program Files\Java\jdk1.7.0_45\jre\bin\verify.dll
0x0000000060c40000 - 0x0000000060c68000 	C:\Program Files\Java\jdk1.7.0_45\jre\bin\java.dll
0x0000000060bc0000 - 0x0000000060bf5000 	C:\Program Files\Java\jdk1.7.0_45\jre\bin\jdwp.dll
0x0000000060ec0000 - 0x0000000060ec8000 	C:\Program Files\Java\jdk1.7.0_45\jre\bin\npt.dll
0x0000000060c10000 - 0x0000000060c33000 	C:\Program Files\Java\jdk1.7.0_45\jre\bin\instrument.dll
0x0000000060ba0000 - 0x0000000060bb5000 	C:\Program Files\Java\jdk1.7.0_45\jre\bin\zip.dll
0x0000000064580000 - 0x0000000064589000 	C:\Program Files\Java\jdk1.7.0_45\jre\bin\dt_socket.dll
0x000007fefcb70000 - 0x000007fefcbc5000 	C:\Windows\system32\mswsock.dll
0x000007fefc470000 - 0x000007fefc477000 	C:\Windows\System32\wshtcpip.dll
0x000007fefcbd0000 - 0x000007fefcbe7000 	C:\Windows\system32\CRYPTSP.dll
0x000007fefc8b0000 - 0x000007fefc8f7000 	C:\Windows\system32\rsaenh.dll
0x000007fefc7b0000 - 0x000007fefc7ce000 	C:\Windows\system32\USERENV.dll
0x000007fefd340000 - 0x000007fefd34f000 	C:\Windows\system32\profapi.dll
0x000007fefd230000 - 0x000007fefd23f000 	C:\Windows\system32\CRYPTBASE.dll
0x0000000060b80000 - 0x0000000060b99000 	C:\Program Files\Java\jdk1.7.0_45\jre\bin\net.dll
0x000007fefcb60000 - 0x000007fefcb67000 	C:\Windows\System32\wship6.dll
0x000007fefaa50000 - 0x000007fefaa65000 	C:\Windows\system32\NLAapi.dll
0x000007fef5810000 - 0x000007fef5825000 	C:\Windows\system32\napinsp.dll
0x000007fef57f0000 - 0x000007fef5809000 	C:\Windows\system32\pnrpnsp.dll
0x000007fefc9f0000 - 0x000007fefca4b000 	C:\Windows\system32\DNSAPI.dll
0x000007fef57e0000 - 0x000007fef57eb000 	C:\Windows\System32\winrnr.dll
0x000007fef5f60000 - 0x000007fef5f70000 	C:\Windows\system32\wshbth.dll
0x000007fefa370000 - 0x000007fefa397000 	C:\Windows\system32\IPHLPAPI.DLL
0x000007fefa360000 - 0x000007fefa36b000 	C:\Windows\system32\WINNSI.DLL
0x000007fef5de0000 - 0x000007fef5de8000 	C:\Windows\system32\rasadhlp.dll
0x000007fef9da0000 - 0x000007fef9df3000 	C:\Windows\System32\fwpuclnt.dll
0x0000000060b60000 - 0x0000000060b71000 	C:\Program Files\Java\jdk1.7.0_45\jre\bin\nio.dll
0x000007fefa6d0000 - 0x000007fefa6da000 	C:\Users\User\AppData\Local\Temp\jansi-64-439766461394732376.dll
0x0000000060b30000 - 0x0000000060b54000 	C:\Program Files\Java\jdk1.7.0_45\jre\bin\sunec.dll
0x0000000060eb0000 - 0x0000000060ebb000 	C:\Program Files\Java\jdk1.7.0_45\jre\bin\sunmscapi.dll
0x000007fefd3f0000 - 0x000007fefd557000 	C:\Windows\system32\CRYPT32.dll
0x000007fefd3e0000 - 0x000007fefd3ef000 	C:\Windows\system32\MSASN1.dll
0x0000000060c00000 - 0x0000000060c0b000 	C:\Program Files\Java\jdk1.7.0_45\jre\bin\management.dll
0x000007fef6210000 - 0x000007fef6335000 	C:\Windows\system32\dbghelp.dll

VM Arguments:
jvm_args: -agentlib:jdwp=transport=dt_socket,address=127.0.0.1:7661,suspend=y,server=n -Dgrails.home=F:\Installed\grails-2.4.5 -Dbase.dir=D:\Workings\pms -Dtools.jar=C:\Program Files\Java\jdk1.7.0_45\lib\tools.jar -Dgroovy.starter.conf=F:\Installed\grails-2.4.5/conf/groovy-starter.conf -Xmx768M -Xms768M -XX:MaxPermSize=256m -XX:PermSize=256m -Djline.WindowsTerminal.directConsole=false -javaagent:F:\Installed\grails-2.4.5\lib\org.springframework\springloaded\jars\springloaded-1.2.3.RELEASE.jar -Xverify:none -Dspringloaded=profile=grails -Dfile.encoding=UTF-8 
java_command: org.codehaus.groovy.grails.cli.support.GrailsStarter --main org.codehaus.groovy.grails.cli.GrailsScriptRunner --conf F:\Installed\grails-2.4.5/conf/groovy-starter.conf run-app -plain-output
Launcher Type: SUN_STANDARD

Environment Variables:
JAVA_HOME=C:\Program Files\Java\jdk1.7.0_45
JRE_HOME=C:\Program Files\Java\jre7
PATH=C:\ProgramData\Oracle\Java\javapath;C:\Windows\system32;C:\Windows;C:\Windows\System32\Wbem;C:\Windows\System32\WindowsPowerShell\v1.0\;C:\Program Files (x86)\ATI Technologies\ATI.ACE\Core-Static;C:\Program Files (x86)\Microsoft SQL Server\100\Tools\Binn\;C:\Program Files\Microsoft SQL Server\100\Tools\Binn\;C:\Program Files\Microsoft SQL Server\100\DTS\Binn\;C:\Program Files (x86)\Microsoft SQL Server\100\DTS\Binn\;C:\Program Files (x86)\Microsoft SQL Server\100\Tools\Binn\VSShell\Common7\IDE\;C:\Program Files (x86)\Microsoft SQL Server\90\Tools\binn\;C:\Program Files\Java\jdk1.7.0_45\bin\bin;F:\Installed\grails-2.4.5\bin;C:\Program Files (x86)\Skype\Phone\;F:\apache-tomcat-7.0.54\bin;C:\Program Files (x86)\SSH Communications Security\SSH Secure Shell
USERNAME=User
OS=Windows_NT
PROCESSOR_IDENTIFIER=Intel64 Family 6 Model 61 Stepping 4, GenuineIntel



---------------  S Y S T E M  ---------------

OS: Windows 7 , 64 bit Build 7601 Service Pack 1

CPU:total 4 (2 cores per cpu, 2 threads per core) family 6 model 61 stepping 4, cmov, cx8, fxsr, mmx, sse, sse2, sse3, ssse3, sse4.1, sse4.2, popcnt, avx, avx2, aes, erms, ht, tsc, tscinvbit

Memory: 4k page, physical 8277104k(3403216k free), swap 16552344k(10295248k free)

vm_info: Java HotSpot(TM) 64-Bit Server VM (24.45-b08) for windows-amd64 JRE (1.7.0_45-b18), built on Oct  8 2013 05:47:22 by "java_re" with unknown MS VC++:1600

time: Tue Nov 22 09:12:04 2016
elapsed time: 794 seconds

