#
# A fatal error has been detected by the Java Runtime Environment:
#
#  EXCEPTION_ACCESS_VIOLATION (0xc0000005) at pc=0x000000007743e5ff, pid=7804, tid=6820
#
# JRE version: Java(TM) SE Runtime Environment (7.0_45-b18) (build 1.7.0_45-b18)
# Java VM: Java HotSpot(TM) 64-Bit Server VM (24.45-b08 mixed mode windows-amd64 compressed oops)
# Problematic frame:
# C  [ntdll.dll+0x4e5ff]
#
# Failed to write core dump. Minidumps are not enabled by default on client versions of Windows
#
# If you would like to submit a bug report, please visit:
#   http://bugreport.sun.com/bugreport/crash.jsp
# The crash happened outside the Java Virtual Machine in native code.
# See problematic frame for where to report the bug.
#

---------------  T H R E A D  ---------------

Current thread (0x000000000f654800):  JavaThread "FileSystemWatcher: files=#426 cl=java.net.URLClassLoader@26159325" daemon [_thread_in_native, id=6820, stack(0x000000000cab0000,0x000000000cbb0000)]

siginfo: ExceptionCode=0xc0000005, writing address 0x000000000000003d

Registers:
RAX=0x000000000000005c, RBX=0x000000000ec32cf0, RCX=0x000000000ec32d2c, RDX=0x000000000000007a
RSP=0x000000000cbaebe0, RBP=0x000000000000fffe, RSI=0x0000000000000000, RDI=0x000000000ec32cf0
R8 =0x000000000000003d, R9 =0x000000000000007a, R10=0x000000000ec30000, R11=0x000000000000ffff
R12=0x000000000000007a, R13=0x0000000000000208, R14=0x000000000cbaedb8, R15=0x000000000000003d
RIP=0x000000007743e5ff, EFLAGS=0x0000000000010246

Top of Stack: (sp=0x000000000cbaebe0)
0x000000000cbaebe0:   000000bc02000002 0000000000409774
0x000000000cbaebf0:   0000000000411210 0000000000000000
0x000000000cbaec00:   00000000007c007a 000000000ec32cf0
0x000000000cbaec10:   000000000cbaeda8 0000000077445f48
0x000000000cbaec20:   000000000cbaeda1 000000000047c2d0
0x000000000cbaec30:   0000000000000230 0000000000400000
0x000000000cbaec40:   0000000000000003 0000000000000201
0x000000000cbaec50:   00000000004004a8 0000000077443448
0x000000000cbaec60:   0000000000000001 000000000000007a
0x000000000cbaec70:   00305d2b00250006 0000000000000000
0x000000000cbaec80:   000000000afa0000 0000000000000000
0x000000000cbaec90:   0000000000000000 000000000cbaee5a
0x000000000cbaeca0:   000000000cbaede0 000000000ec32cf0
0x000000000cbaecb0:   000000000208007a 000000000cbaede0
0x000000000cbaecc0:   0000000002000002 000000006dfce263
0x000000000cbaecd0:   0000000000000000 00000000007c007a 

Instructions: (pc=0x000000007743e5ff)
0x000000007743e5df:   e2 fc 8b c2 48 01 41 18 8b 41 10 4c 89 44 c1 20
0x000000007743e5ef:   ff 41 10 8b c2 c3 44 8a 74 24 40 e9 10 5e 00 00
0x000000007743e5ff:   41 0f b7 c1 48 83 c1 02 48 d1 e8 48 8d 04 43 48
0x000000007743e60f:   3b c8 73 39 0f b7 01 66 83 c8 20 66 83 f8 70 0f 


Register to memory mapping:

RAX=0x000000000000005c is an unknown value
RBX=0x000000000ec32cf0 is an unknown value
RCX=0x000000000ec32d2c is an unknown value
RDX=0x000000000000007a is an unknown value
RSP=0x000000000cbaebe0 is pointing into the stack for thread: 0x000000000f654800
RBP=0x000000000000fffe is an unknown value
RSI=0x0000000000000000 is an unknown value
RDI=0x000000000ec32cf0 is an unknown value
R8 =0x000000000000003d is an unknown value
R9 =0x000000000000007a is an unknown value
R10=0x000000000ec30000 is an unknown value
R11=0x000000000000ffff is an unknown value
R12=0x000000000000007a is an unknown value
R13=0x0000000000000208 is an unknown value
R14=0x000000000cbaedb8 is pointing into the stack for thread: 0x000000000f654800
R15=0x000000000000003d is an unknown value


Stack: [0x000000000cab0000,0x000000000cbb0000],  sp=0x000000000cbaebe0,  free space=1018k
Native frames: (J=compiled Java code, j=interpreted, Vv=VM code, C=native code)
C  [ntdll.dll+0x4e5ff]

Java frames: (J=compiled Java code, j=interpreted, Vv=VM code)
J  java.io.WinNTFileSystem.getLastModifiedTime(Ljava/io/File;)J
J  org.springsource.loaded.agent.Watcher.run()V
j  java.lang.Thread.run()V+11
v  ~StubRoutines::call_stub

---------------  P R O C E S S  ---------------

Java Threads: ( => current thread )
  0x000000000d107800 JavaThread "http-bio-8082-exec-10" daemon [_thread_blocked, id=160, stack(0x0000000011930000,0x0000000011a30000)]
  0x000000000d107000 JavaThread "http-bio-8082-exec-9" daemon [_thread_blocked, id=4888, stack(0x0000000011710000,0x0000000011810000)]
  0x000000000d106000 JavaThread "http-bio-8082-exec-8" daemon [_thread_blocked, id=1692, stack(0x0000000010e80000,0x0000000010f80000)]
  0x000000000d105000 JavaThread "http-bio-8082-exec-7" daemon [_thread_blocked, id=6672, stack(0x000000000f2f0000,0x000000000f3f0000)]
  0x000000000d104800 JavaThread "http-bio-8082-exec-6" daemon [_thread_blocked, id=7152, stack(0x0000000011510000,0x0000000011610000)]
  0x000000000d103800 JavaThread "http-bio-8082-exec-5" daemon [_thread_blocked, id=7212, stack(0x0000000011340000,0x0000000011440000)]
  0x000000000d103000 JavaThread "http-bio-8082-exec-4" daemon [_thread_blocked, id=3860, stack(0x0000000011170000,0x0000000011270000)]
  0x000000000d102000 JavaThread "http-bio-8082-exec-3" daemon [_thread_blocked, id=8068, stack(0x0000000010fb0000,0x00000000110b0000)]
  0x000000000d101800 JavaThread "MySQL Statement Cancellation Timer" daemon [_thread_blocked, id=2852, stack(0x000000000ef10000,0x000000000f010000)]
  0x000000000d8e4000 JavaThread "http-bio-8082-exec-2" daemon [_thread_blocked, id=6652, stack(0x000000000b780000,0x000000000b880000)]
  0x000000000d8e3800 JavaThread "http-bio-8082-exec-1" daemon [_thread_blocked, id=8012, stack(0x000000000dd80000,0x000000000de80000)]
  0x000000000d100800 JavaThread "Thread-10" daemon [_thread_blocked, id=6388, stack(0x0000000010d30000,0x0000000010e30000)]
  0x000000000d8ea800 JavaThread "Thread-11" daemon [_thread_in_native, id=6772, stack(0x0000000010bc0000,0x0000000010cc0000)]
  0x000000000d8e9800 JavaThread "http-bio-8082-AsyncTimeout" daemon [_thread_blocked, id=6516, stack(0x00000000109e0000,0x0000000010ae0000)]
  0x000000000d8e9000 JavaThread "http-bio-8082-Acceptor-0" daemon [_thread_in_native, id=7760, stack(0x00000000108e0000,0x00000000109e0000)]
  0x000000000d8e8000 JavaThread "ContainerBackgroundProcessor[StandardEngine[Tomcat]]" daemon [_thread_blocked, id=1824, stack(0x0000000010770000,0x0000000010870000)]
  0x000000000d8e7000 JavaThread "net.sf.ehcache.CacheManager@3327b3ae" daemon [_thread_blocked, id=7268, stack(0x000000000f0d0000,0x000000000f1d0000)]
  0x000000000d8e5800 JavaThread "Abandoned connection cleanup thread" daemon [_thread_blocked, id=5236, stack(0x0000000010460000,0x0000000010560000)]
  0x000000000d8e6800 JavaThread "PoolCleaner[876942864:1479719906399]" daemon [_thread_blocked, id=7636, stack(0x000000000f1d0000,0x000000000f2d0000)]
=>0x000000000f654800 JavaThread "FileSystemWatcher: files=#426 cl=java.net.URLClassLoader@26159325" daemon [_thread_in_native, id=6820, stack(0x000000000cab0000,0x000000000cbb0000)]
  0x000000000d86b000 JavaThread "FileSystemWatcher: files=#2 cl=org.codehaus.groovy.grails.cli.support.GrailsRootLoader@34451610" daemon [_thread_blocked, id=6048, stack(0x000000000cbd0000,0x000000000ccd0000)]
  0x000000000cf9a000 JavaThread "Synchronizer (Spring UAA/1.0.1)" daemon [_thread_blocked, id=6720, stack(0x000000000c980000,0x000000000ca80000)]
  0x000000000b083800 JavaThread "NonBlockingInputStreamThread" daemon [_thread_blocked, id=8060, stack(0x000000000b8b0000,0x000000000b9b0000)]
  0x000000000a45a800 JavaThread "Service Thread" daemon [_thread_blocked, id=6876, stack(0x000000000aac0000,0x000000000abc0000)]
  0x000000000a499000 JavaThread "C2 CompilerThread1" daemon [_thread_blocked, id=6384, stack(0x0000000009e30000,0x0000000009f30000)]
  0x000000000a49f800 JavaThread "C2 CompilerThread0" daemon [_thread_blocked, id=4368, stack(0x000000000a890000,0x000000000a990000)]
  0x00000000084a6000 JavaThread "JDWP Command Reader" daemon [_thread_in_native, id=3704, stack(0x000000000a350000,0x000000000a450000)]
  0x00000000084a5000 JavaThread "JDWP Event Helper Thread" daemon [_thread_blocked, id=4716, stack(0x000000000a210000,0x000000000a310000)]
  0x00000000084a0800 JavaThread "JDWP Transport Listener: dt_socket" daemon [_thread_blocked, id=5832, stack(0x000000000a000000,0x000000000a100000)]
  0x0000000008492800 JavaThread "Attach Listener" daemon [_thread_blocked, id=6476, stack(0x00000000099f0000,0x0000000009af0000)]
  0x000000000848b800 JavaThread "Signal Dispatcher" daemon [_thread_blocked, id=6340, stack(0x00000000093e0000,0x00000000094e0000)]
  0x0000000008431000 JavaThread "Finalizer" daemon [_thread_blocked, id=5956, stack(0x0000000009830000,0x0000000009930000)]
  0x000000000842d800 JavaThread "Reference Handler" daemon [_thread_blocked, id=3916, stack(0x0000000009730000,0x0000000009830000)]
  0x0000000002289000 JavaThread "main" [_thread_blocked, id=6416, stack(0x0000000002420000,0x0000000002520000)]

Other Threads:
  0x000000000842c000 VMThread [stack: 0x0000000009520000,0x0000000009620000] [id=8168]
  0x000000000a49c000 WatcherThread [stack: 0x000000000aca0000,0x000000000ada0000] [id=3152]

VM state:not at safepoint (normal execution)

VM Mutex/Monitor currently owned by a thread: None

Heap
 PSYoungGen      total 246784K, used 152419K [0x00000000f0000000, 0x0000000100000000, 0x0000000100000000)
  eden space 230912K, 64% used [0x00000000f0000000,0x00000000f920ce90,0x00000000fe180000)
  from space 15872K, 18% used [0x00000000ff080000,0x00000000ff34c068,0x0000000100000000)
  to   space 15360K, 0% used [0x00000000fe180000,0x00000000fe180000,0x00000000ff080000)
 ParOldGen       total 524288K, used 201955K [0x00000000d0000000, 0x00000000f0000000, 0x00000000f0000000)
  object space 524288K, 38% used [0x00000000d0000000,0x00000000dc538f18,0x00000000f0000000)
 PSPermGen       total 262144K, used 104977K [0x00000000c0000000, 0x00000000d0000000, 0x00000000d0000000)
  object space 262144K, 40% used [0x00000000c0000000,0x00000000c66847d0,0x00000000d0000000)

Card table byte_map: [0x0000000005620000,0x0000000005830000] byte_map_base: 0x0000000005020000

Polling page: 0x0000000000130000

Code Cache  [0x0000000002620000, 0x0000000002f40000, 0x0000000005620000)
 total_blobs=2895 nmethods=2167 adapters=686 free_code_cache=39982Kb largest_free_block=40823360

Compilation events (10 events):
Event: 157.810 Thread 0x000000000a499000 nmethod 2511 0x0000000002ab5dd0 code [0x0000000002ab5f40, 0x0000000002ab64e8]
Event: 157.811 Thread 0x000000000a499000 2512             org.springframework.util.AntPathMatcher::tokenizePattern (91 bytes)
Event: 157.830 Thread 0x000000000a499000 nmethod 2512 0x0000000002a40e90 code [0x0000000002a41000, 0x0000000002a415a8]
Event: 157.831 Thread 0x000000000a499000 2513             org.springframework.util.AntPathMatcher::match (9 bytes)
Event: 157.832 Thread 0x000000000a499000 nmethod 2513 0x0000000002ab5b50 code [0x0000000002ab5ca0, 0x0000000002ab5d28]
Event: 157.834 Thread 0x000000000a499000 2514             org.codehaus.groovy.grails.commons.DefaultGrailsControllerClass::mapsToURI (46 bytes)
Event: 157.838 Thread 0x000000000a499000 nmethod 2514 0x0000000002d7e7d0 code [0x0000000002d7e920, 0x0000000002d7eae8]
Event: 157.879 Thread 0x000000000a49f800 nmethod 2508 0x0000000002f2c350 code [0x0000000002f2c600, 0x0000000002f2ed30]
Event: 163.734 Thread 0x000000000a499000 2515             java.lang.ClassLoader::getResource (36 bytes)
Event: 163.738 Thread 0x000000000a499000 nmethod 2515 0x0000000002a40ad0 code [0x0000000002a40c20, 0x0000000002a40d08]

GC Heap History (10 events):
Event: 70.208 GC heap before
{Heap before GC invocations=40 (full 0):
 PSYoungGen      total 243712K, used 227734K [0x00000000f0000000, 0x0000000100000000, 0x0000000100000000)
  eden space 225280K, 98% used [0x00000000f0000000,0x00000000fd7fc7f8,0x00000000fdc00000)
  from space 18432K, 35% used [0x00000000fdc00000,0x00000000fe269248,0x00000000fee00000)
  to   space 17408K, 0% used [0x00000000fef00000,0x00000000fef00000,0x0000000100000000)
 ParOldGen       total 524288K, used 188435K [0x00000000d0000000, 0x00000000f0000000, 0x00000000f0000000)
  object space 524288K, 35% used [0x00000000d0000000,0x00000000db804ed8,0x00000000f0000000)
 PSPermGen       total 262144K, used 101826K [0x00000000c0000000, 0x00000000d0000000, 0x00000000d0000000)
  object space 262144K, 38% used [0x00000000c0000000,0x00000000c6370990,0x00000000d0000000)
Event: 70.236 GC heap after
Heap after GC invocations=40 (full 0):
 PSYoungGen      total 244736K, used 2266K [0x00000000f0000000, 0x0000000100000000, 0x0000000100000000)
  eden space 227328K, 0% used [0x00000000f0000000,0x00000000f0000000,0x00000000fde00000)
  from space 17408K, 13% used [0x00000000fef00000,0x00000000ff136af0,0x0000000100000000)
  to   space 17408K, 0% used [0x00000000fde00000,0x00000000fde00000,0x00000000fef00000)
 ParOldGen       total 524288K, used 193227K [0x00000000d0000000, 0x00000000f0000000, 0x00000000f0000000)
  object space 524288K, 36% used [0x00000000d0000000,0x00000000dbcb2c70,0x00000000f0000000)
 PSPermGen       total 262144K, used 101826K [0x00000000c0000000, 0x00000000d0000000, 0x00000000d0000000)
  object space 262144K, 38% used [0x00000000c0000000,0x00000000c6370990,0x00000000d0000000)
}
Event: 72.024 GC heap before
{Heap before GC invocations=41 (full 0):
 PSYoungGen      total 244736K, used 229594K [0x00000000f0000000, 0x0000000100000000, 0x0000000100000000)
  eden space 227328K, 100% used [0x00000000f0000000,0x00000000fde00000,0x00000000fde00000)
  from space 17408K, 13% used [0x00000000fef00000,0x00000000ff136af0,0x0000000100000000)
  to   space 17408K, 0% used [0x00000000fde00000,0x00000000fde00000,0x00000000fef00000)
 ParOldGen       total 524288K, used 193227K [0x00000000d0000000, 0x00000000f0000000, 0x00000000f0000000)
  object space 524288K, 36% used [0x00000000d0000000,0x00000000dbcb2c70,0x00000000f0000000)
 PSPermGen       total 262144K, used 102809K [0x00000000c0000000, 0x00000000d0000000, 0x00000000d0000000)
  object space 262144K, 39% used [0x00000000c0000000,0x00000000c6466798,0x00000000d0000000)
Event: 72.040 GC heap after
Heap after GC invocations=41 (full 0):
 PSYoungGen      total 244736K, used 3025K [0x00000000f0000000, 0x0000000100000000, 0x0000000100000000)
  eden space 227328K, 0% used [0x00000000f0000000,0x00000000f0000000,0x00000000fde00000)
  from space 17408K, 17% used [0x00000000fde00000,0x00000000fe0f4588,0x00000000fef00000)
  to   space 16896K, 0% used [0x00000000fef80000,0x00000000fef80000,0x0000000100000000)
 ParOldGen       total 524288K, used 194757K [0x00000000d0000000, 0x00000000f0000000, 0x00000000f0000000)
  object space 524288K, 37% used [0x00000000d0000000,0x00000000dbe31708,0x00000000f0000000)
 PSPermGen       total 262144K, used 102809K [0x00000000c0000000, 0x00000000d0000000, 0x00000000d0000000)
  object space 262144K, 39% used [0x00000000c0000000,0x00000000c6466798,0x00000000d0000000)
}
Event: 151.224 GC heap before
{Heap before GC invocations=42 (full 0):
 PSYoungGen      total 244736K, used 230353K [0x00000000f0000000, 0x0000000100000000, 0x0000000100000000)
  eden space 227328K, 100% used [0x00000000f0000000,0x00000000fde00000,0x00000000fde00000)
  from space 17408K, 17% used [0x00000000fde00000,0x00000000fe0f4588,0x00000000fef00000)
  to   space 16896K, 0% used [0x00000000fef80000,0x00000000fef80000,0x0000000100000000)
 ParOldGen       total 524288K, used 194757K [0x00000000d0000000, 0x00000000f0000000, 0x00000000f0000000)
  object space 524288K, 37% used [0x00000000d0000000,0x00000000dbe31708,0x00000000f0000000)
 PSPermGen       total 262144K, used 103594K [0x00000000c0000000, 0x00000000d0000000, 0x00000000d0000000)
  object space 262144K, 39% used [0x00000000c0000000,0x00000000c652a858,0x00000000d0000000)
Event: 151.259 GC heap after
Heap after GC invocations=42 (full 0):
 PSYoungGen      total 245760K, used 3648K [0x00000000f0000000, 0x0000000100000000, 0x0000000100000000)
  eden space 228864K, 0% used [0x00000000f0000000,0x00000000f0000000,0x00000000fdf80000)
  from space 16896K, 21% used [0x00000000fef80000,0x00000000ff310360,0x0000000100000000)
  to   space 16384K, 0% used [0x00000000fdf80000,0x00000000fdf80000,0x00000000fef80000)
 ParOldGen       total 524288K, used 197016K [0x00000000d0000000, 0x00000000f0000000, 0x00000000f0000000)
  object space 524288K, 37% used [0x00000000d0000000,0x00000000dc0662d8,0x00000000f0000000)
 PSPermGen       total 262144K, used 103594K [0x00000000c0000000, 0x00000000d0000000, 0x00000000d0000000)
  object space 262144K, 39% used [0x00000000c0000000,0x00000000c652a858,0x00000000d0000000)
}
Event: 153.484 GC heap before
{Heap before GC invocations=43 (full 0):
 PSYoungGen      total 245760K, used 231751K [0x00000000f0000000, 0x0000000100000000, 0x0000000100000000)
  eden space 228864K, 99% used [0x00000000f0000000,0x00000000fdec1b08,0x00000000fdf80000)
  from space 16896K, 21% used [0x00000000fef80000,0x00000000ff310360,0x0000000100000000)
  to   space 16384K, 0% used [0x00000000fdf80000,0x00000000fdf80000,0x00000000fef80000)
 ParOldGen       total 524288K, used 197016K [0x00000000d0000000, 0x00000000f0000000, 0x00000000f0000000)
  object space 524288K, 37% used [0x00000000d0000000,0x00000000dc0662d8,0x00000000f0000000)
 PSPermGen       total 262144K, used 103983K [0x00000000c0000000, 0x00000000d0000000, 0x00000000d0000000)
  object space 262144K, 39% used [0x00000000c0000000,0x00000000c658bec8,0x00000000d0000000)
Event: 153.515 GC heap after
Heap after GC invocations=43 (full 0):
 PSYoungGen      total 245248K, used 2176K [0x00000000f0000000, 0x0000000100000000, 0x0000000100000000)
  eden space 228864K, 0% used [0x00000000f0000000,0x00000000f0000000,0x00000000fdf80000)
  from space 16384K, 13% used [0x00000000fdf80000,0x00000000fe1a0000,0x00000000fef80000)
  to   space 15872K, 0% used [0x00000000ff080000,0x00000000ff080000,0x0000000100000000)
 ParOldGen       total 524288K, used 199963K [0x00000000d0000000, 0x00000000f0000000, 0x00000000f0000000)
  object space 524288K, 38% used [0x00000000d0000000,0x00000000dc346cd0,0x00000000f0000000)
 PSPermGen       total 262144K, used 103983K [0x00000000c0000000, 0x00000000d0000000, 0x00000000d0000000)
  object space 262144K, 39% used [0x00000000c0000000,0x00000000c658bec8,0x00000000d0000000)
}
Event: 156.580 GC heap before
{Heap before GC invocations=44 (full 0):
 PSYoungGen      total 245248K, used 231040K [0x00000000f0000000, 0x0000000100000000, 0x0000000100000000)
  eden space 228864K, 100% used [0x00000000f0000000,0x00000000fdf80000,0x00000000fdf80000)
  from space 16384K, 13% used [0x00000000fdf80000,0x00000000fe1a0000,0x00000000fef80000)
  to   space 15872K, 0% used [0x00000000ff080000,0x00000000ff080000,0x0000000100000000)
 ParOldGen       total 524288K, used 199963K [0x00000000d0000000, 0x00000000f0000000, 0x00000000f0000000)
  object space 524288K, 38% used [0x00000000d0000000,0x00000000dc346cd0,0x00000000f0000000)
 PSPermGen       total 262144K, used 104802K [0x00000000c0000000, 0x00000000d0000000, 0x00000000d0000000)
  object space 262144K, 39% used [0x00000000c0000000,0x00000000c6658b40,0x00000000d0000000)
Event: 156.602 GC heap after
Heap after GC invocations=44 (full 0):
 PSYoungGen      total 246784K, used 2864K [0x00000000f0000000, 0x0000000100000000, 0x0000000100000000)
  eden space 230912K, 0% used [0x00000000f0000000,0x00000000f0000000,0x00000000fe180000)
  from space 15872K, 18% used [0x00000000ff080000,0x00000000ff34c068,0x0000000100000000)
  to   space 15360K, 0% used [0x00000000fe180000,0x00000000fe180000,0x00000000ff080000)
 ParOldGen       total 524288K, used 201955K [0x00000000d0000000, 0x00000000f0000000, 0x00000000f0000000)
  object space 524288K, 38% used [0x00000000d0000000,0x00000000dc538f18,0x00000000f0000000)
 PSPermGen       total 262144K, used 104802K [0x00000000c0000000, 0x00000000d0000000, 0x00000000d0000000)
  object space 262144K, 39% used [0x00000000c0000000,0x00000000c6658b40,0x00000000d0000000)
}

Deoptimization events (10 events):
Event: 153.757 Thread 0x000000000d8e4000 Uncommon trap: reason=class_check action=maybe_recompile pc=0x00000000028000bc method=org.codehaus.groovy.runtime.typehandling.DefaultTypeTransformation.castToNumber(Ljava/lang/Object;Ljava/lang/Class;)Ljava/lang/Number; @ 1
Event: 154.676 Thread 0x000000000d8e4000 Uncommon trap: reason=null_check action=make_not_entrant pc=0x0000000002f1cea8 method=groovyjarjarantlr.CharScanner.testLiteralsTable(I)I @ 32
Event: 155.485 Thread 0x000000000d8e4000 Uncommon trap: reason=bimorphic action=maybe_recompile pc=0x0000000002e4f534 method=groovy.lang.MetaClassImpl.createMetaBeanProperty(Lorg/codehaus/groovy/util/SingleKeyHashMap;Ljava/lang/String;ZLgroovy/lang/MetaMethod;)V @ 26
Event: 155.496 Thread 0x000000000d8e4000 Uncommon trap: reason=unreached action=reinterpret pc=0x0000000002a1efa0 method=org.codehaus.groovy.runtime.MetaClassHelper.sameClasses([Ljava/lang/Class;Ljava/lang/Object;)Z @ 15
Event: 156.353 Thread 0x000000000d8e4000 Uncommon trap: reason=array_check action=maybe_recompile pc=0x000000000297a194 method=java.util.TimSort.mergeLo(IIII)V @ 77
Event: 156.528 Thread 0x000000000d8e4000 Uncommon trap: reason=bimorphic action=maybe_recompile pc=0x0000000002e89464 method=org.codehaus.groovy.runtime.callsite.PogoMetaMethodSite.call(Ljava/lang/Object;[Ljava/lang/Object;)Ljava/lang/Object; @ 3
Event: 156.706 Thread 0x000000000d8e4000 Uncommon trap: reason=bimorphic action=maybe_recompile pc=0x0000000002e89464 method=org.codehaus.groovy.runtime.callsite.PogoMetaMethodSite.call(Ljava/lang/Object;[Ljava/lang/Object;)Ljava/lang/Object; @ 3
Event: 156.762 Thread 0x000000000d8e4000 Uncommon trap: reason=bimorphic action=maybe_recompile pc=0x0000000002e89464 method=org.codehaus.groovy.runtime.callsite.PogoMetaMethodSite.call(Ljava/lang/Object;[Ljava/lang/Object;)Ljava/lang/Object; @ 3
Event: 157.389 Thread 0x000000000d8e4000 Uncommon trap: reason=array_check action=maybe_recompile pc=0x000000000297a194 method=java.util.TimSort.mergeLo(IIII)V @ 77
Event: 163.613 Thread 0x000000000d8e4000 Uncommon trap: reason=null_check action=make_not_entrant pc=0x0000000002f2dfb8 method=org.springframework.util.AntPathMatcher.getStringMatcher(Ljava/lang/String;)Lorg/springframework/util/AntPathMatcher$AntPathStringMatcher; @ 28

Internal exceptions (10 events):
Event: 163.746 Thread 0x000000000d8e4000 Threw 0x00000000f8d0d8f0 at C:\re\jdk7u45\229\hotspot\src\share\vm\prims\jvm.cpp:1244
Event: 163.747 Thread 0x000000000d8e4000 Threw 0x00000000f8d0eb20 at C:\re\jdk7u45\229\hotspot\src\share\vm\classfile\systemDictionary.cpp:185
Event: 163.747 Thread 0x000000000d8e4000 Threw 0x00000000f8d0f560 at C:\re\jdk7u45\229\hotspot\src\share\vm\prims\jvm.cpp:1244
Event: 163.747 Thread 0x000000000d8e4000 Threw 0x00000000f8d102e0 at C:\re\jdk7u45\229\hotspot\src\share\vm\prims\jvm.cpp:1244
Event: 217.748 Thread 0x000000000d107800 Threw 0x00000000f58e3088 at C:\re\jdk7u45\229\hotspot\src\share\vm\prims\jni.cpp:743
Event: 217.790 Thread 0x000000000d8e3800 Threw 0x00000000f552e700 at C:\re\jdk7u45\229\hotspot\src\share\vm\prims\jni.cpp:743
Event: 217.795 Thread 0x000000000d107000 Threw 0x00000000f56fc348 at C:\re\jdk7u45\229\hotspot\src\share\vm\prims\jni.cpp:743
Event: 217.800 Thread 0x000000000d104800 Threw 0x00000000f5796788 at C:\re\jdk7u45\229\hotspot\src\share\vm\prims\jni.cpp:743
Event: 217.801 Thread 0x000000000d102000 Threw 0x00000000f56308b0 at C:\re\jdk7u45\229\hotspot\src\share\vm\prims\jni.cpp:743
Event: 223.821 Thread 0x000000000d8e4000 Threw 0x00000000f8e9cd28 at C:\re\jdk7u45\229\hotspot\src\share\vm\prims\jni.cpp:743

Events (10 events):
Event: 247.681 Thread 0x0000000002289000 DEOPT PACKING pc=0x0000000002eb4b44 sp=0x0000000002510600
Event: 247.681 Thread 0x0000000002289000 DEOPT UNPACKING pc=0x00000000026592b9 sp=0x00000000025102e0 mode 1
Event: 247.682 Thread 0x0000000002289000 DEOPT PACKING pc=0x0000000002e3a934 sp=0x0000000002510780
Event: 247.682 Thread 0x0000000002289000 DEOPT UNPACKING pc=0x00000000026592b9 sp=0x0000000002510500 mode 1
Event: 250.681 Thread 0x0000000002289000 DEOPT PACKING pc=0x0000000002cc135c sp=0x0000000002510570
Event: 250.682 Thread 0x0000000002289000 DEOPT UNPACKING pc=0x00000000026592b9 sp=0x00000000025101d0 mode 1
Event: 250.682 Thread 0x0000000002289000 DEOPT PACKING pc=0x0000000002eb4b44 sp=0x0000000002510600
Event: 250.682 Thread 0x0000000002289000 DEOPT UNPACKING pc=0x00000000026592b9 sp=0x00000000025102e0 mode 1
Event: 250.682 Thread 0x0000000002289000 DEOPT PACKING pc=0x0000000002e3a934 sp=0x0000000002510780
Event: 250.682 Thread 0x0000000002289000 DEOPT UNPACKING pc=0x00000000026592b9 sp=0x0000000002510500 mode 1


Dynamic libraries:
0x000000013fcb0000 - 0x000000013fce3000 	C:\Program Files\Java\jdk1.7.0_45\bin\java.exe
0x00000000773f0000 - 0x0000000077599000 	C:\Windows\SYSTEM32\ntdll.dll
0x00000000772d0000 - 0x00000000773ef000 	C:\Windows\system32\kernel32.dll
0x000007fefd6a0000 - 0x000007fefd70b000 	C:\Windows\system32\KERNELBASE.dll
0x000007feff1a0000 - 0x000007feff27b000 	C:\Windows\system32\ADVAPI32.dll
0x000007feff280000 - 0x000007feff31f000 	C:\Windows\system32\msvcrt.dll
0x000007fefe160000 - 0x000007fefe17f000 	C:\Windows\SYSTEM32\sechost.dll
0x000007feff320000 - 0x000007feff44d000 	C:\Windows\system32\RPCRT4.dll
0x00000000771d0000 - 0x00000000772ca000 	C:\Windows\system32\USER32.dll
0x000007feff460000 - 0x000007feff4c7000 	C:\Windows\system32\GDI32.dll
0x000007feff450000 - 0x000007feff45e000 	C:\Windows\system32\LPK.dll
0x000007fefd740000 - 0x000007fefd809000 	C:\Windows\system32\USP10.dll
0x000007fefbe00000 - 0x000007fefbff4000 	C:\Windows\WinSxS\amd64_microsoft.windows.common-controls_6595b64144ccf1df_6.0.7601.17514_none_fa396087175ac9ac\COMCTL32.dll
0x000007feff4d0000 - 0x000007feff541000 	C:\Windows\system32\SHLWAPI.dll
0x000007fefd710000 - 0x000007fefd73e000 	C:\Windows\system32\IMM32.DLL
0x000007fefdff0000 - 0x000007fefe0f9000 	C:\Windows\system32\MSCTF.dll
0x0000000056360000 - 0x0000000056432000 	C:\Program Files\Java\jdk1.7.0_45\jre\bin\msvcr100.dll
0x00000000510b0000 - 0x0000000051879000 	C:\Program Files\Java\jdk1.7.0_45\jre\bin\server\jvm.dll
0x000007fef5740000 - 0x000007fef5749000 	C:\Windows\system32\WSOCK32.dll
0x000007fefdcf0000 - 0x000007fefdd3d000 	C:\Windows\system32\WS2_32.dll
0x000007feff6f0000 - 0x000007feff6f8000 	C:\Windows\system32\NSI.dll
0x000007fefb330000 - 0x000007fefb36b000 	C:\Windows\system32\WINMM.dll
0x00000000775c0000 - 0x00000000775c7000 	C:\Windows\system32\PSAPI.DLL
0x000000006cb00000 - 0x000000006cb0f000 	C:\Program Files\Java\jdk1.7.0_45\jre\bin\verify.dll
0x000000006caa0000 - 0x000000006cac8000 	C:\Program Files\Java\jdk1.7.0_45\jre\bin\java.dll
0x00000000564e0000 - 0x0000000056515000 	C:\Program Files\Java\jdk1.7.0_45\jre\bin\jdwp.dll
0x000000006cb10000 - 0x000000006cb18000 	C:\Program Files\Java\jdk1.7.0_45\jre\bin\npt.dll
0x00000000564b0000 - 0x00000000564d3000 	C:\Program Files\Java\jdk1.7.0_45\jre\bin\instrument.dll
0x000000006cae0000 - 0x000000006caf5000 	C:\Program Files\Java\jdk1.7.0_45\jre\bin\zip.dll
0x000000006ca90000 - 0x000000006ca99000 	C:\Program Files\Java\jdk1.7.0_45\jre\bin\dt_socket.dll
0x000007fefcb70000 - 0x000007fefcbc5000 	C:\Windows\system32\mswsock.dll
0x000007fefc470000 - 0x000007fefc477000 	C:\Windows\System32\wshtcpip.dll
0x000007fefcbd0000 - 0x000007fefcbe7000 	C:\Windows\system32\CRYPTSP.dll
0x000007fefc8b0000 - 0x000007fefc8f7000 	C:\Windows\system32\rsaenh.dll
0x000007fefc7b0000 - 0x000007fefc7ce000 	C:\Windows\system32\USERENV.dll
0x000007fefd340000 - 0x000007fefd34f000 	C:\Windows\system32\profapi.dll
0x000007fefd230000 - 0x000007fefd23f000 	C:\Windows\system32\CRYPTBASE.dll
0x0000000056450000 - 0x0000000056469000 	C:\Program Files\Java\jdk1.7.0_45\jre\bin\net.dll
0x000007fefcb60000 - 0x000007fefcb67000 	C:\Windows\System32\wship6.dll
0x000007fefaa50000 - 0x000007fefaa65000 	C:\Windows\system32\NLAapi.dll
0x000007fef5810000 - 0x000007fef5825000 	C:\Windows\system32\napinsp.dll
0x000007fef57f0000 - 0x000007fef5809000 	C:\Windows\system32\pnrpnsp.dll
0x000007fefc9f0000 - 0x000007fefca4b000 	C:\Windows\system32\DNSAPI.dll
0x000007fef57e0000 - 0x000007fef57eb000 	C:\Windows\System32\winrnr.dll
0x000007fef5f60000 - 0x000007fef5f70000 	C:\Windows\system32\wshbth.dll
0x000007fefa370000 - 0x000007fefa397000 	C:\Windows\system32\IPHLPAPI.DLL
0x000007fefa360000 - 0x000007fefa36b000 	C:\Windows\system32\WINNSI.DLL
0x000007fef5de0000 - 0x000007fef5de8000 	C:\Windows\system32\rasadhlp.dll
0x000007fef9da0000 - 0x000007fef9df3000 	C:\Windows\System32\fwpuclnt.dll
0x0000000056340000 - 0x0000000056351000 	C:\Program Files\Java\jdk1.7.0_45\jre\bin\nio.dll
0x000007fefa6d0000 - 0x000007fefa6da000 	C:\Users\User\AppData\Local\Temp\jansi-64-2832248033839003707.dll
0x0000000056480000 - 0x00000000564a4000 	C:\Program Files\Java\jdk1.7.0_45\jre\bin\sunec.dll
0x000000006ca80000 - 0x000000006ca8b000 	C:\Program Files\Java\jdk1.7.0_45\jre\bin\sunmscapi.dll
0x000007fefd3f0000 - 0x000007fefd557000 	C:\Windows\system32\CRYPT32.dll
0x000007fefd3e0000 - 0x000007fefd3ef000 	C:\Windows\system32\MSASN1.dll
0x0000000056f20000 - 0x0000000056f2b000 	C:\Program Files\Java\jdk1.7.0_45\jre\bin\management.dll
0x000007fef6210000 - 0x000007fef6335000 	C:\Windows\system32\dbghelp.dll

VM Arguments:
jvm_args: -agentlib:jdwp=transport=dt_socket,address=127.0.0.1:6761,suspend=y,server=n -Dgrails.home=F:\Installed\grails-2.4.5 -Dbase.dir=D:\Workings\pms -Dtools.jar=C:\Program Files\Java\jdk1.7.0_45\lib\tools.jar -Dgroovy.starter.conf=F:\Installed\grails-2.4.5/conf/groovy-starter.conf -Xmx768M -Xms768M -XX:MaxPermSize=256m -XX:PermSize=256m -Djline.WindowsTerminal.directConsole=false -javaagent:F:\Installed\grails-2.4.5\lib\org.springframework\springloaded\jars\springloaded-1.2.3.RELEASE.jar -Xverify:none -Dspringloaded=profile=grails -Dfile.encoding=UTF-8 
java_command: org.codehaus.groovy.grails.cli.support.GrailsStarter --main org.codehaus.groovy.grails.cli.GrailsScriptRunner --conf F:\Installed\grails-2.4.5/conf/groovy-starter.conf run-app -plain-output
Launcher Type: SUN_STANDARD

Environment Variables:
JAVA_HOME=C:\Program Files\Java\jdk1.7.0_45
JRE_HOME=C:\Program Files\Java\jre7
PATH=C:\ProgramData\Oracle\Java\javapath;C:\Windows\system32;C:\Windows;C:\Windows\System32\Wbem;C:\Windows\System32\WindowsPowerShell\v1.0\;C:\Program Files (x86)\ATI Technologies\ATI.ACE\Core-Static;C:\Program Files (x86)\Microsoft SQL Server\100\Tools\Binn\;C:\Program Files\Microsoft SQL Server\100\Tools\Binn\;C:\Program Files\Microsoft SQL Server\100\DTS\Binn\;C:\Program Files (x86)\Microsoft SQL Server\100\DTS\Binn\;C:\Program Files (x86)\Microsoft SQL Server\100\Tools\Binn\VSShell\Common7\IDE\;C:\Program Files (x86)\Microsoft SQL Server\90\Tools\binn\;C:\Program Files\Java\jdk1.7.0_45\bin\bin;F:\Installed\grails-2.4.5\bin;C:\Program Files (x86)\Skype\Phone\;F:\apache-tomcat-7.0.54\bin;C:\Program Files (x86)\SSH Communications Security\SSH Secure Shell
USERNAME=User
OS=Windows_NT
PROCESSOR_IDENTIFIER=Intel64 Family 6 Model 61 Stepping 4, GenuineIntel



---------------  S Y S T E M  ---------------

OS: Windows 7 , 64 bit Build 7601 Service Pack 1

CPU:total 4 (2 cores per cpu, 2 threads per core) family 6 model 61 stepping 4, cmov, cx8, fxsr, mmx, sse, sse2, sse3, ssse3, sse4.1, sse4.2, popcnt, avx, avx2, aes, erms, ht, tsc, tscinvbit

Memory: 4k page, physical 8277104k(3184568k free), swap 16552344k(10251136k free)

vm_info: Java HotSpot(TM) 64-Bit Server VM (24.45-b08) for windows-amd64 JRE (1.7.0_45-b18), built on Oct  8 2013 05:47:22 by "java_re" with unknown MS VC++:1600

time: Mon Nov 21 15:22:13 2016
elapsed time: 252 seconds

